<?xml version="1.0" encoding="UTF-8"?>
<testsuite xmlns:xsi="http://www.w3.org/2001/XMLSchema-instance" xsi:noNamespaceSchemaLocation="https://maven.apache.org/surefire/maven-surefire-plugin/xsd/surefire-test-report-3.0.xsd" version="3.0" name="com.example.virtual_campus.VirtualCampusApplicationTests" time="3.466" tests="1" errors="0" skipped="0" failures="0">
  <properties>
[...]
</properties>
  <testcase name="contextLoads" classname="com.example.virtual_campus.VirtualCampusApplicationTests" time="1.105">
    <system-out><![CDATA[10:51:22.150 [main] INFO org.springframework.test.context.support.AnnotationConfigContextLoaderUtils -- Could not detect default configuration classes for test class [com.example.virtual_campus.VirtualCampusApplicationTests]: VirtualCampusApplicationTests does not declare any static, non-private, non-final, nested classes annotated with @Configuration.
10:51:22.250 [main] INFO org.springframework.boot.test.context.SpringBootTestContextBootstrapper -- Found @SpringBootConfiguration com.example.virtual_campus.VirtualCampusApplication for test class com.example.virtual_campus.VirtualCampusApplicationTests

  .   ____          _            __ _ _
 /\\ / ___'_ __ _ _(_)_ __  __ _ \ \ \ \
( ( )\___ | '_ | '_| | '_ \/ _` | \ \ \ \
 \\/  ___)| |_)| | | | | || (_| |  ) ) ) )
  '  |____| .__|_| |_|_| |_\__, | / / / /
 =========|_|==============|___/=/_/_/_/

 :: Spring Boot ::                (v3.3.3)

2024-08-28T10:51:22.824+08:00  INFO 40804 --- [virtual_campus] [           main] c.e.v.VirtualCampusApplicationTests      : Starting VirtualCampusApplicationTests using Java 17.0.12 with PID 40804 (started by cui'jing'han in D:\IDEA\project\virtual_campus)
2024-08-28T10:51:22.827+08:00  INFO 40804 --- [virtual_campus] [           main] c.e.v.VirtualCampusApplicationTests      : No active profile set, falling back to 1 default profile: "default"
2024-08-28T10:51:24.255+08:00  WARN 40804 --- [virtual_campus] [           main] ion$DefaultTemplateResolverConfiguration : Cannot find template location: classpath:/templates/ (please add some templates, check your Thymeleaf configuration, or set spring.thymeleaf.check-template-location=false)
2024-08-28T10:51:24.320+08:00  INFO 40804 --- [virtual_campus] [           main] c.e.v.VirtualCampusApplicationTests      : Started VirtualCampusApplicationTests in 1.901 seconds (process running for 3.028)
]]></system-out>
  </testcase>
</testsuite>